<?xml version="1.0" encoding="UTF-8"?>
<!-- Generated by org.testng.reporters.JUnitReportReporter -->
<testsuite skipped="0" hostname="360NDCPC113" name="Login" tests="1" failures="0" timestamp="14 Nov 2017 07:59:19 GMT" time="12.554" errors="0">
  <testcase name="logindata" time="12.554" classname="Login"/>
</testsuite> <!-- Login -->
